Rendering to 1024x1024 image
Loaded scene with 10000 circles
Loaded scene with 10000 circles
---------------------------------------------------------
Initializing CUDA for CudaRenderer
Found 1 CUDA devices
Device 0: NVIDIA T4G
   SMs:        40
   Global mem: 14918 MB
   CUDA Cap:   7.5
---------------------------------------------------------

Running benchmark, 1 frames, beginning at frame 0 ...
Dumping frames to logs/output_xxx.ppm
Alloc arrays: 0.528 ms
Record spots: 0.119 ms
Copy table: 0.017 ms
Exclusive scan - just the kernel part: 4.631 ms
Exclusive scan: 4.989 ms
Populate indices: 0.115 ms
Rendering pixels: 1.763 ms
Copying image data from device
Wrote image file logs/output_0000.ppm
Copying image data from device
***************** Correctness check passed **************************
Clear:    0.1359 ms
Advance:  0.0020 ms
Render:   8.1923 ms
Total:    8.3302 ms
File IO:  89.4420 ms

Overall:  0.6739 sec (note units are seconds)
