Rendering to 1024x1024 image
Loaded scene with 2000000 circles
Loaded scene with 2000000 circles
---------------------------------------------------------
Initializing CUDA for CudaRenderer
Found 1 CUDA devices
Device 0: NVIDIA T4G
   SMs:        40
   Global mem: 14918 MB
   CUDA Cap:   7.5
---------------------------------------------------------

Running benchmark, 1 frames, beginning at frame 0 ...
Dumping frames to logs/output_xxx.ppm
Alloc arrays: 0.921 ms
Alloc arrays: 31.801 ms
Copy table: 0.027 ms
Exclusive scan: 76.256 ms
Populate indices: 12.224 ms
Rendering pixels: 130.407 ms
Copying image data from device
Wrote image file logs/output_0000.ppm
Copying image data from device
***************** Correctness check passed **************************
Clear:    0.1327 ms
Advance:  0.0020 ms
Render:   261.8863 ms
Total:    262.0210 ms
File IO:  92.3761 ms

Overall:  0.6633 sec (note units are seconds)
