Rendering to 1024x1024 image
Loaded data for 100000 circles from snow.par
Loaded scene with 100000 circles
Loaded data for 100000 circles from snow.par
Loaded scene with 100000 circles
---------------------------------------------------------
Initializing CUDA for CudaRenderer
Found 1 CUDA devices
Device 0: NVIDIA T4G
   SMs:        40
   Global mem: 14918 MB
   CUDA Cap:   7.5
---------------------------------------------------------

Running benchmark, 1 frames, beginning at frame 0 ...
Dumping frames to logs/output_xxx.ppm
Alloc arrays: 0.512 ms
Record spots: 0.604 ms
Copy table: 0.017 ms
Exclusive scan - just the kernel part: 7.036 ms
Exclusive scan: 8.223 ms
Populate indices: 0.555 ms
Rendering pixels: 1.298 ms
Copying image data from device
Wrote image file logs/output_0000.ppm
Copying image data from device
***************** Correctness check passed **************************
Clear:    0.1306 ms
Advance:  0.0024 ms
Render:   14.7468 ms
Total:    14.8798 ms
File IO:  88.9798 ms

Overall:  0.4761 sec (note units are seconds)
