Rendering to 1024x1024 image
Loaded scene with 100000 circles
Loaded scene with 100000 circles
---------------------------------------------------------
Initializing CUDA for CudaRenderer
Found 1 CUDA devices
Device 0: NVIDIA T4G
   SMs:        40
   Global mem: 14918 MB
   CUDA Cap:   7.5
---------------------------------------------------------

Running benchmark, 1 frames, beginning at frame 0 ...
Dumping frames to logs/output_xxx.ppm
Alloc arrays: 0.543 ms
Alloc arrays: 0.703 ms
Copy table: 0.015 ms
Exclusive scan: 9.170 ms
Populate indices: 0.935 ms
Rendering pixels: 18.642 ms
Copying image data from device
Wrote image file logs/output_0000.ppm
Copying image data from device
***************** Correctness check passed **************************
Clear:    0.1290 ms
Advance:  0.0019 ms
Render:   33.5304 ms
Total:    33.6613 ms
File IO:  92.6396 ms

Overall:  5.7233 sec (note units are seconds)
